#
# There is insufficient memory for the Java Runtime Environment to continue.
# Native memory allocation (malloc) failed to allocate 32744 bytes for ChunkPool::allocate
# Possible reasons:
#   The system is out of physical RAM or swap space
#   In 32 bit mode, the process size limit was hit
# Possible solutions:
#   Reduce memory load on the system
#   Increase physical memory or swap space
#   Check if swap backing store is full
#   Use 64 bit Java on a 64 bit OS
#   Decrease Java heap size (-Xmx/-Xms)
#   Decrease number of Java threads
#   Decrease Java thread stack sizes (-Xss)
#   Set larger code cache with -XX:ReservedCodeCacheSize=
# This output file may be truncated or incomplete.
#
#  Out of Memory Error (allocation.cpp:273), pid=14228, tid=0x0000000000005a70
#
# JRE version: Java(TM) SE Runtime Environment (8.0_121-b13) (build 1.8.0_121-b13)
# Java VM: Java HotSpot(TM) 64-Bit Server VM (25.121-b13 mixed mode windows-amd64 compressed oops)
# Failed to write core dump. Minidumps are not enabled by default on client versions of Windows
#

---------------  T H R E A D  ---------------

Current thread (0x000000001759b800):  JavaThread "C1 CompilerThread2" daemon [_thread_in_native, id=23152, stack(0x0000000018de0000,0x0000000018ee0000)]

Stack: [0x0000000018de0000,0x0000000018ee0000]
[error occurred during error reporting (printing stack bounds), id 0xc0000005]

Native frames: (J=compiled Java code, j=interpreted, Vv=VM code, C=native code)


Current CompileTask:
C1:   6166 4071   !   1       org.springframework.beans.factory.support.ConstructorResolver::instantiateUsingFactoryMethod (1488 bytes)


---------------  P R O C E S S  ---------------

Java Threads: ( => current thread )
  0x000000001aff0000 JavaThread "spring.cloud.inetutils" daemon [_thread_blocked, id=23308, stack(0x000000001d2f0000,0x000000001d3f0000)]
  0x000000001b81e000 JavaThread "container-0" [_thread_blocked, id=21960, stack(0x000000001cdf0000,0x000000001cef0000)]
  0x000000001b81d000 JavaThread "Catalina-utility-1" [_thread_blocked, id=18840, stack(0x000000001ccf0000,0x000000001cdf0000)]
  0x000000001aefb800 JavaThread "Keep-Alive-Timer" daemon [_thread_blocked, id=18876, stack(0x000000001c3f0000,0x000000001c4f0000)]
  0x0000000019a0e000 JavaThread "JMX server connection timeout 18" daemon [_thread_blocked, id=12692, stack(0x000000001a720000,0x000000001a820000)]
  0x00000000199ed000 JavaThread "RMI TCP Connection(2)-127.0.0.1" daemon [_thread_in_native, id=8996, stack(0x000000001a620000,0x000000001a720000)]
  0x00000000199e4800 JavaThread "RMI Scheduler(0)" daemon [_thread_blocked, id=15672, stack(0x000000001a520000,0x000000001a620000)]
  0x00000000199df800 JavaThread "RMI TCP Connection(1)-127.0.0.1" daemon [_thread_in_native, id=9784, stack(0x000000001a420000,0x000000001a520000)]
  0x0000000019827000 JavaThread "RMI TCP Accept-0" daemon [_thread_in_native, id=23500, stack(0x0000000019de0000,0x0000000019ee0000)]
  0x0000000019818000 JavaThread "RMI TCP Accept-58656" daemon [_thread_in_native, id=9940, stack(0x0000000019ce0000,0x0000000019de0000)]
  0x000000001980b000 JavaThread "RMI TCP Accept-0" daemon [_thread_in_native, id=14500, stack(0x0000000019be0000,0x0000000019ce0000)]
  0x0000000018f10800 JavaThread "Service Thread" daemon [_thread_blocked, id=21924, stack(0x00000000192e0000,0x00000000193e0000)]
=>0x000000001759b800 JavaThread "C1 CompilerThread2" daemon [_thread_in_native, id=23152, stack(0x0000000018de0000,0x0000000018ee0000)]
  0x0000000017597000 JavaThread "C2 CompilerThread1" daemon [_thread_blocked, id=3084, stack(0x0000000018ce0000,0x0000000018de0000)]
  0x0000000017594800 JavaThread "C2 CompilerThread0" daemon [_thread_blocked, id=14492, stack(0x0000000018be0000,0x0000000018ce0000)]
  0x0000000017593000 JavaThread "Attach Listener" daemon [_thread_blocked, id=20220, stack(0x0000000018ae0000,0x0000000018be0000)]
  0x0000000017592000 JavaThread "Signal Dispatcher" daemon [_thread_blocked, id=13184, stack(0x00000000189e0000,0x0000000018ae0000)]
  0x000000001757c000 JavaThread "Finalizer" daemon [_thread_blocked, id=128, stack(0x00000000187e0000,0x00000000188e0000)]
  0x0000000002966000 JavaThread "Reference Handler" daemon [_thread_blocked, id=18952, stack(0x00000000186e0000,0x00000000187e0000)]
  0x0000000002878000 JavaThread "main" [_thread_in_native, id=21204, stack(0x0000000002770000,0x0000000002870000)]

Other Threads:
  0x0000000017557800 VMThread [stack: 0x00000000185e0000,0x00000000186e0000] [id=9972]
  0x0000000019829000 WatcherThread [stack: 0x0000000019ee0000,0x0000000019fe0000] [id=5944]

VM state:not at safepoint (normal execution)

VM Mutex/Monitor currently owned by a thread: None

Heap:
 PSYoungGen      total 182272K, used 100949K [0x00000000d5580000, 0x00000000e2a80000, 0x0000000100000000)
  eden space 166400K, 60% used [0x00000000d5580000,0x00000000db815448,0x00000000df800000)
  from space 15872K, 0% used [0x00000000e0780000,0x00000000e0780000,0x00000000e1700000)
  to   space 15872K, 0% used [0x00000000df800000,0x00000000df800000,0x00000000e0780000)
 ParOldGen       total 81408K, used 17922K [0x0000000080000000, 0x0000000084f80000, 0x00000000d5580000)
  object space 81408K, 22% used [0x0000000080000000,0x0000000081180bb0,0x0000000084f80000)
 Metaspace       used 37994K, capacity 39796K, committed 39896K, reserved 1083392K
  class space    used 5168K, capacity 5507K, committed 5592K, reserved 1048576K

Card table byte_map: [0x0000000011d30000,0x0000000012140000] byte_map_base: 0x0000000011930000

Marking Bits: (ParMarkBitMap*) 0x0000000052a4b6d0
 Begin Bits: [0x00000000127f0000, 0x00000000147f0000)
 End Bits:   [0x00000000147f0000, 0x00000000167f0000)

Polling page: 0x0000000002600000

CodeCache: size=245760Kb used=8437Kb max_used=8437Kb free=237322Kb
 bounds [0x0000000002970000, 0x00000000031b0000, 0x0000000011970000]
 total_blobs=4544 nmethods=4069 adapters=388
 compilation: enabled

Compilation events (10 events):
Event: 6.141 Thread 0x000000001759b800 nmethod 4066 0x00000000031aad10 code [0x00000000031aae60, 0x00000000031aaf70]
Event: 6.145 Thread 0x000000001759b800 4067       1       org.springframework.context.support.ApplicationContextAwareProcessor::postProcessBeforeInitialization (91 bytes)
Event: 6.145 Thread 0x000000001759b800 nmethod 4067 0x00000000031aafd0 code [0x00000000031ab1c0, 0x00000000031ab778]
Event: 6.145 Thread 0x000000001759b800 4068       1       org.springframework.context.support.ApplicationContextAwareProcessor::invokeAwareInterfaces (133 bytes)
Event: 6.145 Thread 0x000000001759b800 nmethod 4068 0x00000000031aba90 code [0x00000000031abc80, 0x00000000031ac3c8]
Event: 6.146 Thread 0x000000001759b800 4069       1       org.springframework.context.support.ApplicationListenerDetector::postProcessBeforeInitialization (2 bytes)
Event: 6.146 Thread 0x000000001759b800 nmethod 4069 0x00000000031ac610 code [0x00000000031ac760, 0x00000000031ac870]
Event: 6.146 Thread 0x000000001759b800 4070       1       org.springframework.beans.factory.support.DisposableBeanAdapter::hasDestroyMethod (73 bytes)
Event: 6.146 Thread 0x000000001759b800 nmethod 4070 0x00000000031ac8d0 code [0x00000000031aca60, 0x00000000031acea8]
Event: 6.147 Thread 0x000000001759b800 4071   !   1       org.springframework.beans.factory.support.ConstructorResolver::instantiateUsingFactoryMethod (1488 bytes)

GC Heap History (10 events):
Event: 3.183 GC heap before
{Heap before GC invocations=6 (full 1):
 PSYoungGen      total 71680K, used 66560K [0x00000000d5580000, 0x00000000da080000, 0x0000000100000000)
  eden space 66560K, 100% used [0x00000000d5580000,0x00000000d9680000,0x00000000d9680000)
  from space 5120K, 0% used [0x00000000d9b80000,0x00000000d9b80000,0x00000000da080000)
  to   space 5120K, 0% used [0x00000000d9680000,0x00000000d9680000,0x00000000d9b80000)
 ParOldGen       total 54784K, used 6772K [0x0000000080000000, 0x0000000083580000, 0x00000000d5580000)
  object space 54784K, 12% used [0x0000000080000000,0x000000008069d068,0x0000000083580000)
 Metaspace       used 25327K, capacity 26318K, committed 26496K, reserved 1073152K
  class space    used 3457K, capacity 3692K, committed 3712K, reserved 1048576K
Event: 3.194 GC heap after
Heap after GC invocations=6 (full 1):
 PSYoungGen      total 71680K, used 5111K [0x00000000d5580000, 0x00000000dd000000, 0x0000000100000000)
  eden space 66560K, 0% used [0x00000000d5580000,0x00000000d5580000,0x00000000d9680000)
  from space 5120K, 99% used [0x00000000d9680000,0x00000000d9b7de30,0x00000000d9b80000)
  to   space 8704K, 0% used [0x00000000dc780000,0x00000000dc780000,0x00000000dd000000)
 ParOldGen       total 54784K, used 8261K [0x0000000080000000, 0x0000000083580000, 0x00000000d5580000)
  object space 54784K, 15% used [0x0000000080000000,0x0000000080811420,0x0000000083580000)
 Metaspace       used 25327K, capacity 26318K, committed 26496K, reserved 1073152K
  class space    used 3457K, capacity 3692K, committed 3712K, reserved 1048576K
}
Event: 3.840 GC heap before
{Heap before GC invocations=7 (full 1):
 PSYoungGen      total 71680K, used 71671K [0x00000000d5580000, 0x00000000dd000000, 0x0000000100000000)
  eden space 66560K, 100% used [0x00000000d5580000,0x00000000d9680000,0x00000000d9680000)
  from space 5120K, 99% used [0x00000000d9680000,0x00000000d9b7de30,0x00000000d9b80000)
  to   space 8704K, 0% used [0x00000000dc780000,0x00000000dc780000,0x00000000dd000000)
 ParOldGen       total 54784K, used 8261K [0x0000000080000000, 0x0000000083580000, 0x00000000d5580000)
  object space 54784K, 15% used [0x0000000080000000,0x0000000080811420,0x0000000083580000)
 Metaspace       used 27996K, capacity 29056K, committed 29312K, reserved 1075200K
  class space    used 3838K, capacity 4107K, committed 4224K, reserved 1048576K
Event: 3.853 GC heap after
Heap after GC invocations=7 (full 1):
 PSYoungGen      total 114688K, used 8690K [0x00000000d5580000, 0x00000000dd000000, 0x0000000100000000)
  eden space 105984K, 0% used [0x00000000d5580000,0x00000000d5580000,0x00000000dbd00000)
  from space 8704K, 99% used [0x00000000dc780000,0x00000000dcffc960,0x00000000dd000000)
  to   space 9728K, 0% used [0x00000000dbd00000,0x00000000dbd00000,0x00000000dc680000)
 ParOldGen       total 54784K, used 8495K [0x0000000080000000, 0x0000000083580000, 0x00000000d5580000)
  object space 54784K, 15% used [0x0000000080000000,0x000000008084bc48,0x0000000083580000)
 Metaspace       used 27996K, capacity 29056K, committed 29312K, reserved 1075200K
  class space    used 3838K, capacity 4107K, committed 4224K, reserved 1048576K
}
Event: 4.889 GC heap before
{Heap before GC invocations=8 (full 1):
 PSYoungGen      total 114688K, used 114674K [0x00000000d5580000, 0x00000000dd000000, 0x0000000100000000)
  eden space 105984K, 100% used [0x00000000d5580000,0x00000000dbd00000,0x00000000dbd00000)
  from space 8704K, 99% used [0x00000000dc780000,0x00000000dcffc960,0x00000000dd000000)
  to   space 9728K, 0% used [0x00000000dbd00000,0x00000000dbd00000,0x00000000dc680000)
 ParOldGen       total 54784K, used 8495K [0x0000000080000000, 0x0000000083580000, 0x00000000d5580000)
  object space 54784K, 15% used [0x0000000080000000,0x000000008084bc48,0x0000000083580000)
 Metaspace       used 33736K, capacity 35186K, committed 35416K, reserved 1079296K
  class space    used 4562K, capacity 4874K, committed 4952K, reserved 1048576K
Event: 4.912 GC heap after
Heap after GC invocations=8 (full 1):
 PSYoungGen      total 115712K, used 9701K [0x00000000d5580000, 0x00000000e1700000, 0x0000000100000000)
  eden space 105984K, 0% used [0x00000000d5580000,0x00000000d5580000,0x00000000dbd00000)
  from space 9728K, 99% used [0x00000000dbd00000,0x00000000dc6796c0,0x00000000dc680000)
  to   space 15872K, 0% used [0x00000000e0780000,0x00000000e0780000,0x00000000e1700000)
 ParOldGen       total 54784K, used 18758K [0x0000000080000000, 0x0000000083580000, 0x00000000d5580000)
  object space 54784K, 34% used [0x0000000080000000,0x0000000081251a10,0x0000000083580000)
 Metaspace       used 33736K, capacity 35186K, committed 35416K, reserved 1079296K
  class space    used 4562K, capacity 4874K, committed 4952K, reserved 1048576K
}
Event: 4.972 GC heap before
{Heap before GC invocations=9 (full 1):
 PSYoungGen      total 115712K, used 15192K [0x00000000d5580000, 0x00000000e1700000, 0x0000000100000000)
  eden space 105984K, 5% used [0x00000000d5580000,0x00000000d5adc9d0,0x00000000dbd00000)
  from space 9728K, 99% used [0x00000000dbd00000,0x00000000dc6796c0,0x00000000dc680000)
  to   space 15872K, 0% used [0x00000000e0780000,0x00000000e0780000,0x00000000e1700000)
 ParOldGen       total 54784K, used 18758K [0x0000000080000000, 0x0000000083580000, 0x00000000d5580000)
  object space 54784K, 34% used [0x0000000080000000,0x0000000081251a10,0x0000000083580000)
 Metaspace       used 33871K, capacity 35286K, committed 35416K, reserved 1079296K
  class space    used 4585K, capacity 4882K, committed 4952K, reserved 1048576K
Event: 4.986 GC heap after
Heap after GC invocations=9 (full 1):
 PSYoungGen      total 182272K, used 10192K [0x00000000d5580000, 0x00000000e2a80000, 0x0000000100000000)
  eden space 166400K, 0% used [0x00000000d5580000,0x00000000d5580000,0x00000000df800000)
  from space 15872K, 64% used [0x00000000e0780000,0x00000000e11741f0,0x00000000e1700000)
  to   space 15872K, 0% used [0x00000000df800000,0x00000000df800000,0x00000000e0780000)
 ParOldGen       total 54784K, used 18766K [0x0000000080000000, 0x0000000083580000, 0x00000000d5580000)
  object space 54784K, 34% used [0x0000000080000000,0x0000000081253a10,0x0000000083580000)
 Metaspace       used 33871K, capacity 35286K, committed 35416K, reserved 1079296K
  class space    used 4585K, capacity 4882K, committed 4952K, reserved 1048576K
}
Event: 4.986 GC heap before
{Heap before GC invocations=10 (full 2):
 PSYoungGen      total 182272K, used 10192K [0x00000000d5580000, 0x00000000e2a80000, 0x0000000100000000)
  eden space 166400K, 0% used [0x00000000d5580000,0x00000000d5580000,0x00000000df800000)
  from space 15872K, 64% used [0x00000000e0780000,0x00000000e11741f0,0x00000000e1700000)
  to   space 15872K, 0% used [0x00000000df800000,0x00000000df800000,0x00000000e0780000)
 ParOldGen       total 54784K, used 18766K [0x0000000080000000, 0x0000000083580000, 0x00000000d5580000)
  object space 54784K, 34% used [0x0000000080000000,0x0000000081253a10,0x0000000083580000)
 Metaspace       used 33871K, capacity 35286K, committed 35416K, reserved 1079296K
  class space    used 4585K, capacity 4882K, committed 4952K, reserved 1048576K
Event: 5.067 GC heap after
Heap after GC invocations=10 (full 2):
 PSYoungGen      total 182272K, used 0K [0x00000000d5580000, 0x00000000e2a80000, 0x0000000100000000)
  eden space 166400K, 0% used [0x00000000d5580000,0x00000000d5580000,0x00000000df800000)
  from space 15872K, 0% used [0x00000000e0780000,0x00000000e0780000,0x00000000e1700000)
  to   space 15872K, 0% used [0x00000000df800000,0x00000000df800000,0x00000000e0780000)
 ParOldGen       total 81408K, used 17922K [0x0000000080000000, 0x0000000084f80000, 0x00000000d5580000)
  object space 81408K, 22% used [0x0000000080000000,0x0000000081180bb0,0x0000000084f80000)
 Metaspace       used 33871K, capacity 35286K, committed 35416K, reserved 1079296K
  class space    used 4585K, capacity 4882K, committed 4952K, reserved 1048576K
}

Deoptimization events (0 events):
No events

Internal exceptions (10 events):
Event: 6.123 Thread 0x0000000002878000 Exception <a 'java/lang/ArrayIndexOutOfBoundsException'> (0x00000000db44f858) thrown at [C:\re\workspace\8-2-build-windows-amd64-cygwin\jdk8u121\8372\hotspot\src\share\vm\runtime\sharedRuntime.cpp, line 605]
Event: 6.123 Thread 0x0000000002878000 Exception <a 'java/lang/ArrayIndexOutOfBoundsException'> (0x00000000db450f90) thrown at [C:\re\workspace\8-2-build-windows-amd64-cygwin\jdk8u121\8372\hotspot\src\share\vm\runtime\sharedRuntime.cpp, line 605]
Event: 6.124 Thread 0x0000000002878000 Exception <a 'java/lang/ClassNotFoundException': org/springframework/context/ApplicationContextAwareCustomizer> (0x00000000db477898) thrown at [C:\re\workspace\8-2-build-windows-amd64-cygwin\jdk8u121\8372\hotspot\src\share\vm\classfile\systemDictionary.cp
Event: 6.125 Thread 0x0000000002878000 Exception <a 'java/lang/ClassNotFoundException': org/springframework/beans/factory/AwareCustomizer> (0x00000000db493930) thrown at [C:\re\workspace\8-2-build-windows-amd64-cygwin\jdk8u121\8372\hotspot\src\share\vm\classfile\systemDictionary.cpp, line 210]
Event: 6.125 Thread 0x0000000002878000 Exception <a 'java/lang/ClassNotFoundException': org/springframework/context/ApplicationListenerCustomizer> (0x00000000db4b1360) thrown at [C:\re\workspace\8-2-build-windows-amd64-cygwin\jdk8u121\8372\hotspot\src\share\vm\classfile\systemDictionary.cpp, l
Event: 6.126 Thread 0x0000000002878000 Exception <a 'java/lang/ClassNotFoundException': java/util/EventListenerCustomizer> (0x00000000db4bc6d8) thrown at [C:\re\workspace\8-2-build-windows-amd64-cygwin\jdk8u121\8372\hotspot\src\share\vm\classfile\systemDictionary.cpp, line 210]
Event: 6.126 Thread 0x0000000002878000 Exception <a 'java/lang/ClassNotFoundException': java/lang/ObjectCustomizer> (0x00000000db4ce700) thrown at [C:\re\workspace\8-2-build-windows-amd64-cygwin\jdk8u121\8372\hotspot\src\share\vm\classfile\systemDictionary.cpp, line 210]
Event: 6.127 Thread 0x0000000002878000 Exception <a 'java/lang/ClassNotFoundException': org/springframework/jmx/export/metadata/AbstractJmxAttributeCustomizer> (0x00000000db4f4960) thrown at [C:\re\workspace\8-2-build-windows-amd64-cygwin\jdk8u121\8372\hotspot\src\share\vm\classfile\systemDict
Event: 6.127 Thread 0x0000000002878000 Exception <a 'java/lang/ClassNotFoundException': org/springframework/jmx/export/metadata/ManagedAttributeCustomizer> (0x00000000db51adb0) thrown at [C:\re\workspace\8-2-build-windows-amd64-cygwin\jdk8u121\8372\hotspot\src\share\vm\classfile\systemDictiona
Event: 6.135 Thread 0x0000000002878000 Exception <a 'java/lang/ArrayIndexOutOfBoundsException'> (0x00000000db580f78) thrown at [C:\re\workspace\8-2-build-windows-amd64-cygwin\jdk8u121\8372\hotspot\src\share\vm\runtime\sharedRuntime.cpp, line 605]

Events (10 events):
Event: 6.150 loading class com/netflix/appinfo/providers/VipAddressResolver
Event: 6.150 loading class com/netflix/appinfo/providers/VipAddressResolver done
Event: 6.151 loading class com/netflix/discovery/util/StringCache
Event: 6.151 loading class com/netflix/discovery/util/StringCache done
Event: 6.152 loading class com/netflix/appinfo/InstanceInfo$PortType
Event: 6.152 loading class com/netflix/appinfo/InstanceInfo$PortType done
Event: 6.154 loading class com/netflix/discovery/DiscoveryClient$1
Event: 6.154 loading class com/netflix/discovery/DiscoveryClient$1 done
Event: 6.155 loading class com/netflix/servo/monitor/Monitors
Event: 6.155 loading class com/netflix/servo/monitor/Monitors done


Dynamic libraries:
0x00007ff620320000 - 0x00007ff620357000 	C:\Program Files\Java\jre1.8.0_121\bin\javaw.exe
0x00007ffa4c470000 - 0x00007ffa4c651000 	C:\WINDOWS\SYSTEM32\ntdll.dll
0x00007ffa4af00000 - 0x00007ffa4afb2000 	C:\WINDOWS\System32\KERNEL32.DLL
0x00007ffa48cc0000 - 0x00007ffa48f33000 	C:\WINDOWS\System32\KERNELBASE.dll
0x00007ffa4bd80000 - 0x00007ffa4be21000 	C:\WINDOWS\System32\ADVAPI32.dll
0x00007ffa4b090000 - 0x00007ffa4b12e000 	C:\WINDOWS\System32\msvcrt.dll
0x00007ffa49a00000 - 0x00007ffa49a5b000 	C:\WINDOWS\System32\sechost.dll
0x00007ffa4bad0000 - 0x00007ffa4bbf4000 	C:\WINDOWS\System32\RPCRT4.dll
0x00007ffa4b1a0000 - 0x00007ffa4b330000 	C:\WINDOWS\System32\USER32.dll
0x00007ffa48f40000 - 0x00007ffa48f60000 	C:\WINDOWS\System32\win32u.dll
0x00007ffa4c410000 - 0x00007ffa4c438000 	C:\WINDOWS\System32\GDI32.dll
0x00007ffa48a30000 - 0x00007ffa48bc2000 	C:\WINDOWS\System32\gdi32full.dll
0x00007ffa48c20000 - 0x00007ffa48cbf000 	C:\WINDOWS\System32\msvcp_win.dll
0x00007ffa490f0000 - 0x00007ffa491ea000 	C:\WINDOWS\System32\ucrtbase.dll
0x00007ffa469c0000 - 0x00007ffa46c29000 	C:\WINDOWS\WinSxS\amd64_microsoft.windows.common-controls_6595b64144ccf1df_6.0.17134.228_none_fb4599993062b194\COMCTL32.dll
0x00007ffa4be60000 - 0x00007ffa4c183000 	C:\WINDOWS\System32\combase.dll
0x00007ffa49070000 - 0x00007ffa490ea000 	C:\WINDOWS\System32\bcryptPrimitives.dll
0x00007ffa4be30000 - 0x00007ffa4be5d000 	C:\WINDOWS\System32\IMM32.DLL
0x00007ffa48620000 - 0x00007ffa4867d000 	C:\Program Files\Citrix\System32\MfApHook64.dll
0x00007ffa47a30000 - 0x00007ffa47a5b000 	C:\Program Files\Citrix\ICAService\CtxDodHook64.dll
0x00007ffa48540000 - 0x00007ffa48572000 	C:\Program Files\Citrix\ICAService\picaFullScreenHookX64.dll
0x00007ffa47f80000 - 0x00007ffa47fce000 	C:\Program Files\Citrix\ICAService\ShellHook64.dll
0x00007ffa49ac0000 - 0x00007ffa4af00000 	C:\WINDOWS\System32\SHELL32.dll
0x00007ffa48bd0000 - 0x00007ffa48c19000 	C:\WINDOWS\System32\cfgmgr32.dll
0x00007ffa4c300000 - 0x00007ffa4c3a9000 	C:\WINDOWS\System32\shcore.dll
0x00007ffa491f0000 - 0x00007ffa498fd000 	C:\WINDOWS\System32\windows.storage.dll
0x00007ffa49a60000 - 0x00007ffa49ab1000 	C:\WINDOWS\System32\shlwapi.dll
0x00007ffa487a0000 - 0x00007ffa487b1000 	C:\WINDOWS\System32\kernel.appcore.dll
0x00007ffa487c0000 - 0x00007ffa487df000 	C:\WINDOWS\System32\profapi.dll
0x00007ffa487f0000 - 0x00007ffa4883c000 	C:\WINDOWS\System32\powrprof.dll
0x00007ffa487e0000 - 0x00007ffa487ea000 	C:\WINDOWS\System32\FLTLIB.DLL
0x00007ffa47e00000 - 0x00007ffa47f7c000 	C:\Program Files\Citrix\ICAService\SCardHook64.dll
0x00007ffa47b00000 - 0x00007ffa47b2a000 	C:\Program Files\Citrix\ICAService\cxinjime64.dll
0x00007ffa47ab0000 - 0x00007ffa47af8000 	C:\Program Files\Citrix\ICAService\PicaWtsHook64.dll
0x00000000531c0000 - 0x0000000053292000 	C:\Program Files\Java\jre1.8.0_121\bin\msvcr100.dll
0x0000000052230000 - 0x0000000052acb000 	C:\Program Files\Java\jre1.8.0_121\bin\server\jvm.dll
0x00007ffa4c190000 - 0x00007ffa4c198000 	C:\WINDOWS\System32\PSAPI.DLL
0x00007ffa3c9d0000 - 0x00007ffa3c9f3000 	C:\WINDOWS\SYSTEM32\WINMM.dll
0x00007ffa39ef0000 - 0x00007ffa39ef9000 	C:\WINDOWS\SYSTEM32\WSOCK32.dll
0x00007ffa48430000 - 0x00007ffa4843a000 	C:\WINDOWS\SYSTEM32\VERSION.dll
0x00007ffa4b130000 - 0x00007ffa4b19c000 	C:\WINDOWS\System32\WS2_32.dll
0x00007ffa3bc90000 - 0x00007ffa3bcba000 	C:\WINDOWS\SYSTEM32\WINMMBASE.dll
0x0000000053b50000 - 0x0000000053b5f000 	C:\Program Files\Java\jre1.8.0_121\bin\verify.dll
0x0000000053b20000 - 0x0000000053b49000 	C:\Program Files\Java\jre1.8.0_121\bin\java.dll
0x0000000053b00000 - 0x0000000053b16000 	C:\Program Files\Java\jre1.8.0_121\bin\zip.dll
0x00000000531b0000 - 0x00000000531bd000 	C:\Program Files\Java\jre1.8.0_121\bin\management.dll
0x0000000053ae0000 - 0x0000000053afa000 	C:\Program Files\Java\jre1.8.0_121\bin\net.dll
0x00007ffa47460000 - 0x00007ffa474c6000 	C:\WINDOWS\system32\mswsock.dll
0x0000000053ac0000 - 0x0000000053ad1000 	C:\Program Files\Java\jre1.8.0_121\bin\nio.dll
0x00007ffa3edb0000 - 0x00007ffa3edc6000 	C:\WINDOWS\system32\napinsp.dll
0x00007ffa3edd0000 - 0x00007ffa3edea000 	C:\WINDOWS\system32\pnrpnsp.dll
0x00007ffa42940000 - 0x00007ffa42959000 	C:\WINDOWS\system32\NLAapi.dll
0x00007ffa47230000 - 0x00007ffa472ee000 	C:\WINDOWS\SYSTEM32\DNSAPI.dll
0x00007ffa4b780000 - 0x00007ffa4b788000 	C:\WINDOWS\System32\NSI.dll
0x00007ffa471f0000 - 0x00007ffa47228000 	C:\WINDOWS\SYSTEM32\IPHLPAPI.DLL
0x00007ffa3eff0000 - 0x00007ffa3effe000 	C:\WINDOWS\System32\winrnr.dll
0x00007ffa43a90000 - 0x00007ffa43a9a000 	C:\Windows\System32\rasadhlp.dll
0x00007ffa42cb0000 - 0x00007ffa42d22000 	C:\WINDOWS\System32\fwpuclnt.dll
0x00007ffa47ff0000 - 0x00007ffa48015000 	C:\WINDOWS\SYSTEM32\bcrypt.dll
0x00007ffa47620000 - 0x00007ffa47637000 	C:\WINDOWS\SYSTEM32\CRYPTSP.dll
0x00007ffa47050000 - 0x00007ffa47083000 	C:\WINDOWS\system32\rsaenh.dll
0x00007ffa48680000 - 0x00007ffa486a8000 	C:\WINDOWS\SYSTEM32\USERENV.dll
0x00007ffa47610000 - 0x00007ffa4761b000 	C:\WINDOWS\SYSTEM32\CRYPTBASE.dll
0x00007ffa42c90000 - 0x00007ffa42ca6000 	C:\WINDOWS\SYSTEM32\dhcpcsvc6.DLL
0x00007ffa42c50000 - 0x00007ffa42c6a000 	C:\WINDOWS\SYSTEM32\dhcpcsvc.DLL

VM Arguments:
jvm_args: -Dcom.sun.management.jmxremote -Dcom.sun.management.jmxremote.port=58656 -Dcom.sun.management.jmxremote.authenticate=false -Dcom.sun.management.jmxremote.ssl=false -Djava.rmi.server.hostname=localhost -Dspring.liveBeansView.mbeanDomain -Dspring.application.admin.enabled=true -Xverify:none -XX:TieredStopAtLevel=1 -Dfile.encoding=UTF-8 
java_command: com.moneymoney.web.WebsiteApplication --spring.output.ansi.enabled=always
java_class_path (initial): C:\Spring final\bank-withAPI-Eureka-config\websites\target\classes;C:\Users\shgunji\.m2\repository\org\springframework\boot\spring-boot-starter-web\2.1.2.RELEASE\spring-boot-starter-web-2.1.2.RELEASE.jar;C:\Users\shgunji\.m2\repository\org\springframework\boot\spring-boot-starter\2.1.2.RELEASE\spring-boot-starter-2.1.2.RELEASE.jar;C:\Users\shgunji\.m2\repository\org\springframework\boot\spring-boot\2.1.2.RELEASE\spring-boot-2.1.2.RELEASE.jar;C:\Users\shgunji\.m2\repository\org\springframework\boot\spring-boot-autoconfigure\2.1.2.RELEASE\spring-boot-autoconfigure-2.1.2.RELEASE.jar;C:\Users\shgunji\.m2\repository\org\springframework\boot\spring-boot-starter-logging\2.1.2.RELEASE\spring-boot-starter-logging-2.1.2.RELEASE.jar;C:\Users\shgunji\.m2\repository\ch\qos\logback\logback-classic\1.2.3\logback-classic-1.2.3.jar;C:\Users\shgunji\.m2\repository\ch\qos\logback\logback-core\1.2.3\logback-core-1.2.3.jar;C:\Users\shgunji\.m2\repository\org\apache\logging\log4j\log4j-to-slf4j\2.11.1\log4j-to-slf4j-2.11.1.jar;C:\Users\shgunji\.m2\repository\org\apache\logging\log4j\log4j-api\2.11.1\log4j-api-2.11.1.jar;C:\Users\shgunji\.m2\repository\org\slf4j\jul-to-slf4j\1.7.25\jul-to-slf4j-1.7.25.jar;C:\Users\shgunji\.m2\repository\javax\annotation\javax.annotation-api\1.3.2\javax.annotation-api-1.3.2.jar;C:\Users\shgunji\.m2\repository\org\yaml\snakeyaml\1.23\snakeyaml-1.23.jar;C:\Users\shgunji\.m2\repository\org\springframework\boot\spring-boot-starter-json\2.1.2.RELEASE\spring-boot-starter-json-2.1.2.RELEASE.jar;C:\Users\shgunji\.m2\repository\com\fasterxml\jackson\datatype\jackson-datatype-jdk8\2.9.8\jackson-datatype-jdk8-2.9.8.jar;C:\Users\shgunji\.m2\repository\com\fasterxml\jackson\datatype\jackson-datatype-jsr310\2.9.8\jackson-datatype-jsr310-2.9.8.jar;C:\Users\shgunji\.m2\repository\com\fasterxml\jackson\module\jackson-module-parameter-names\2.9.8\jackson-module-parameter-names-2.9.8.jar;C:\Users\shgunji\.m2\repository\org\springframework\boot\sp
Launcher Type: SUN_STANDARD

Environment Variables:
PATH=C:/Program Files/Java/jre1.8.0_121/bin/server;C:/Program Files/Java/jre1.8.0_121/bin;C:/Program Files/Java/jre1.8.0_121/lib/amd64;C:\Python34\;C:\Python34\Scripts;C:\oraclexe\app\oracle\product\11.2.0\server\bin;C:\ProgramData\Oracle\Java\javapath;C:\WINDOWS\system32;C:\WINDOWS;C:\WINDOWS\System32\Wbem;C:\WINDOWS\System32\WindowsPowerShell\v1.0\;C:\Program Files\TortoiseSVN\bin;C:\Program Files\nodejs\;C:\Program Files\Git\cmd;C:\Program Files (x86)\Microsoft SQL Server\110\Tools\Binn\ManagementStudio\;C:\Program Files (x86)\Microsoft SQL Server\110\Tools\Binn\;C:\Program Files (x86)\Microsoft SQL Server\110\DTS\Binn\;C:\Program Files\Citrix\System32\;C:\Program Files\Citrix\ICAService\;C:\WINDOWS\System32\OpenSSH\;C:\Users\shgunji\AppData\Local\Microsoft\WindowsApps;;C:\ShivaKrishna\other files\spring\spring-tool-suite-3.9.7.RELEASE-e4.10.0-win32-x86_64\sts-bundle\sts-3.9.7.RELEASE;
USERNAME=shgunji
OS=Windows_NT
PROCESSOR_IDENTIFIER=Intel64 Family 15 Model 6 Stepping 1, GenuineIntel



---------------  S Y S T E M  ---------------

OS: Windows 10.0 , 64 bit Build 17134 (10.0.17134.1)

CPU:total 4 (2 cores per cpu, 1 threads per core) family 15 model 6 stepping 1, cmov, cx8, fxsr, mmx, sse, sse2, sse3, ssse3, sse4.1, sse4.2, popcnt, avx, avx2, aes, clmul, erms, rtm, 3dnowpref, lzcnt, tsc, bmi1, bmi2, adx

Memory: 4k page, physical 8388056k(491896k free), swap 18697820k(684k free)

vm_info: Java HotSpot(TM) 64-Bit Server VM (25.121-b13) for windows-amd64 JRE (1.8.0_121-b13), built on Dec 12 2016 18:21:36 by "java_re" with MS VC++ 10.0 (VS2010)

time: Fri Jan 25 15:09:42 2019
elapsed time: 6 seconds (0d 0h 0m 6s)

